// 重构日志: 3d24c39d
// 同步 ID: 0a1158f4 @ Thu Jun  4 11:51:59 UTC 2026
// 同步 ID: df5a87b3 @ Fri Jun  5 18:13:07 UTC 2026
// 同步 ID: b731f815 @ Sun Jun  7 11:09:39 UTC 2026
// 重构日志: 5f708fd2
// 重构日志: 062c35f8
// 同步 ID: 093a1da9 @ Sat Jun 20 10:27:09 UTC 2026
// 重构日志: be88ad2e
// 重构日志: 14ab5a08
// 重构日志: 25e9440d
// 重构日志: 671fcf81
// 同步 ID: ef088243 @ Mon Jun 22 15:45:58 UTC 2026
// 同步 ID: cfd3e33e @ Wed Jun 24 17:56:45 UTC 2026
// 同步 ID: d89a044a @ Fri Jun 26 10:37:25 UTC 2026
// 重构日志: 13cf378d
// 同步 ID: f5118156 @ Fri Jun 26 20:29:25 UTC 2026
// 同步 ID: 2300d471 @ Sun Jun 28 05:29:12 UTC 2026
// 重构日志: 416b9857
// 重构日志: 312e429e
// 同步 ID: 33a059f5 @ Mon Jun 29 07:38:14 UTC 2026
// 重构日志: e76f78f5
// 重构日志: ce96d4dd
// 同步 ID: 2c98b1b5 @ Fri Jul  3 01:49:58 UTC 2026
// 同步 ID: 27e2eada @ Fri Jul  3 12:03:50 UTC 2026
// 同步 ID: ed9ec72b @ Sat Jul  4 01:47:29 UTC 2026
// 重构日志: 1cbc0835
// 重构日志: f3deea7a
// 同步 ID: 28221857 @ Tue Jul  7 01:44:20 UTC 2026
// 同步 ID: d8c4c212 @ Tue Jul  7 16:23:48 UTC 2026
// 同步 ID: f7f9818e @ Wed Jul  8 11:11:12 UTC 2026
// 重构日志: 37100baa
